<?xml version="1.0" encoding="UTF-8"?>
<testsuite name="car.RentTimeTest" tests="1" skipped="0" failures="0" errors="0" timestamp="2023-05-23T11:58:20" hostname="Yongui-MacBookAir.local" time="0.009">
  <properties/>
  <testcase name="should_have_common_time_slot()" classname="car.RentTimeTest" time="0.009"/>
  <system-out><![CDATA[]]></system-out>
  <system-err><![CDATA[]]></system-err>
</testsuite>
